<?xml version="1.0" encoding="UTF-8"?>
<!-- Generated by org.testng.reporters.JUnitReportReporter -->
<testsuite skipped="0" hostname="CO-IT005951" name="com.globant.api.testing.wil.angel.test.TestAll" tests="1" failures="0" timestamp="29 abr 2021 04:18:24 GMT" time="8.524" errors="0">
  <testcase name="test4" time="8.524" classname="com.globant.api.testing.wil.angel.test.TestAll"/>
</testsuite> <!-- com.globant.api.testing.wil.angel.test.TestAll -->
