<?xml version="1.0" encoding="UTF-8"?>
<!-- Generated by org.testng.reporters.JUnitReportReporter -->
<testsuite skipped="0" hostname="CO-IT005951" name="com.globant.api.testing.wil.angel.test.Test" tests="1" failures="0" timestamp="28 abr 2021 03:31:22 GMT" time="33.808" errors="0">
  <testcase name="test2" time="33.808" classname="com.globant.api.testing.wil.angel.test.Test"/>
</testsuite> <!-- com.globant.api.testing.wil.angel.test.Test -->
